生成启动时间为 2020/12/30 20:45:19。
     1>项目“D:\Desktop\汉字测试\汉字测试\汉字测试.vcxproj”在节点 2 上(build 个目标)。
     1>InitializeBuildStatus:
         正在对“Debug\汉字测试.unsuccessfulbuild”执行 Touch 任务。
       ClCompile:
         D:\Program Files (x86)\Microsoft Visual Studio 10.0\VC\bin\CL.exe /c /ZI /nologo /W3 /WX- /Od /Oy- /D WIN32 /D _DEBUG /D _CONSOLE /D _UNICODE /D UNICODE /Gm /EHsc /RTC1 /MDd /GS /fp:precise /Zc:wchar_t /Zc:forScope /Fo"Debug\\" /Fd"Debug\vc100.pdb" /Gd /TC /analyze- /errorReport:prompt "汉字测试.c"
         汉字测试.c
       ManifestResourceCompile:
         所有输出均为最新。
       Link:
         D:\Program Files (x86)\Microsoft Visual Studio 10.0\VC\bin\link.exe /ERRORREPORT:PROMPT /OUT:"D:\Desktop\汉字测试\Debug\汉字测试.exe" /INCREMENTAL /NOLOGO kernel32.lib user32.lib gdi32.lib winspool.lib comdlg32.lib advapi32.lib shell32.lib ole32.lib oleaut32.lib uuid.lib odbc32.lib odbccp32.lib /MANIFEST /ManifestFile:"Debug\汉字测试.exe.intermediate.manifest" /MANIFESTUAC:"level='asInvoker' uiAccess='false'" /DEBUG /PDB:"D:\Desktop\汉字测试\Debug\汉字测试.pdb" /SUBSYSTEM:CONSOLE /TLBID:1 /DYNAMICBASE /NXCOMPAT /IMPLIB:"D:\Desktop\汉字测试\Debug\汉字测试.lib" /MACHINE:X86 "Debug\汉字测试.exe.embed.manifest.res"
         "Debug\汉字测试.obj"
       Manifest:
         C:\Program Files (x86)\Microsoft SDKs\Windows\v7.0A\bin\mt.exe /nologo /verbose /out:"Debug\汉字测试.exe.embed.manifest" /manifest "Debug\汉字测试.exe.intermediate.manifest"
         所有输出均为最新。
       LinkEmbedManifest:
         所有输出均为最新。
         汉字测试.vcxproj -> D:\Desktop\汉字测试\Debug\汉字测试.exe
       FinalizeBuildStatus:
         正在删除文件“Debug\汉字测试.unsuccessfulbuild”。
         正在对“Debug\汉字测试.lastbuildstate”执行 Touch 任务。
     1>已完成生成项目“D:\Desktop\汉字测试\汉字测试\汉字测试.vcxproj”(build 个目标)的操作。

生成成功。

已用时间 00:00:00.66
